<?xml version="1.0" encoding="UTF-8"?>
<!-- Generated by org.testng.reporters.JUnitReportReporter -->
<testsuite hostname="Anjus-Air" failures="0" tests="1" name="testSuite1.Module1" time="0.012" errors="0" timestamp="2023-11-13T15:21:41 EST" skipped="0">
  <testcase classname="testSuite1.Module1" name="test001" time="0.012"/>
</testsuite> <!-- testSuite1.Module1 -->
