<?xml version="1.0" encoding="UTF-8"?>
<!-- Generated by org.testng.reporters.JUnitReportReporter -->
<testsuite hostname="Anjus-Air" failures="0" tests="2" name="testSuite1.Module2" time="0.013" errors="0" timestamp="2023-11-13T15:21:41 EST" skipped="0">
  <testcase classname="testSuite1.Module2" name="test002" time="0.009"/>
  <testcase classname="testSuite1.Module2" name="test001" time="0.004"/>
</testsuite> <!-- testSuite1.Module2 -->
